<?xml version="1.0" encoding="UTF-8"?>
<testsuite xmlns:xsi="http://www.w3.org/2001/XMLSchema-instance" xsi:noNamespaceSchemaLocation="https://maven.apache.org/surefire/maven-surefire-plugin/xsd/surefire-test-report.xsd" name="org.CodingChallengeWithMaven.CeilingFanOperationsTest" time="0.03" tests="6" errors="0" skipped="0" failures="0">
  <properties>
[...]
</properties>
  <testcase name="changeDirectionShouldThrowExceptionWhenFanIsAtRest" classname="org.CodingChallengeWithMaven.CeilingFanOperationsTest" time="0.001"/>
  <testcase name="changeSpeedTestShouldChangeSpeedToZeroOnFourthPullCW" classname="org.CodingChallengeWithMaven.CeilingFanOperationsTest" time="0"/>
  <testcase name="changeDirectionShouldGiveDirectionAsACW" classname="org.CodingChallengeWithMaven.CeilingFanOperationsTest" time="0.001"/>
  <testcase name="changeDirectionShouldGiveCWDirectionAsDefault" classname="org.CodingChallengeWithMaven.CeilingFanOperationsTest" time="0"/>
  <testcase name="changeSpeedTestShouldChangeTotalSpeedToThreeAfterPullingThreeTimesCW" classname="org.CodingChallengeWithMaven.CeilingFanOperationsTest" time="0.001"/>
  <testcase name="changeSpeedTestShouldToTwoAfterPullingTwoTimesCW" classname="org.CodingChallengeWithMaven.CeilingFanOperationsTest" time="0"/>
</testsuite>